PLINK v1.90b6.21 64-bit (19 Oct 2020)
Options in effect:
  --allow-extra-chr
  --chr-set 39
  --file 95missing.onlyPASS
  --make-bed
  --out 95missing.onlyPASS
  --pca

Hostname: mu01
Working directory: /beegfs/home/kuangzhuoran/workspace/Migration/07.SV/Saker/06.svimmer/filter
Start time: Fri Sep 20 23:27:16 2024

Random number seed: 1726846036
63987 MB RAM detected; reserving 31993 MB for main workspace.
Scanning .ped file...
Possibly irregular .ped line.  Restarting scan, assuming multichar alleles.
.ped scan complete (for binary autoconversion).
Performing single-pass .bed write (6111 variants, 81 samples).
--file: 95missing.onlyPASS-temporary.bed + 95missing.onlyPASS-temporary.bim +
95missing.onlyPASS-temporary.fam written.
6111 variants loaded from .bim file.
81 samples (0 males, 0 females, 81 ambiguous) loaded from .fam.
Ambiguous sex IDs written to 95missing.onlyPASS.nosex .
Using up to 15 threads (change this with --threads).
Before main variant filters, 81 founders and 0 nonfounders present.
Calculating allele frequencies... done.
Total genotyping rate is 0.997608.
6111 variants and 81 samples pass filters and QC.
Note: No phenotypes present.
Relationship matrix calculation complete.
--pca: Results saved to 95missing.onlyPASS.eigenval and
95missing.onlyPASS.eigenvec .
--make-bed to 95missing.onlyPASS.bed + 95missing.onlyPASS.bim +
95missing.onlyPASS.fam ... done.

End time: Fri Sep 20 23:27:16 2024
